Using pre-set license
Built from '2022.3/staging' branch; Version is '2022.3.10f1 (ff3792e53c62) revision 16725906'; Using compiler version '192829333'; Build Type 'Release'
OS: 'Windows 10  (10.0.19045) 64bit Professional' Language: 'pt' Physical Memory: 8174 MB
BatchMode: 1, IsHumanControllingUs: 0, StartBugReporterOnCrash: 0, Is64bit: 1, IsPro: 1

COMMAND LINE ARGUMENTS:
C:\Program Files\Unity\Hub\Editor\2022.3.10f1\Editor\Unity.exe
-adb2
-batchMode
-noUpm
-name
AssetImportWorker8
-projectPath
C:/Users/iurym/Downloads/Projeto9-main/Projeto9-main/src/Frontend/Felicidade
-logFile
Logs/AssetImportWorker8.log
-srvPort
55608
Successfully changed project path to: C:/Users/iurym/Downloads/Projeto9-main/Projeto9-main/src/Frontend/Felicidade
C:/Users/iurym/Downloads/Projeto9-main/Projeto9-main/src/Frontend/Felicidade
[UnityMemory] Configuration Parameters - Can be set up in boot.config
    "memorysetup-bucket-allocator-granularity=16"
    "memorysetup-bucket-allocator-bucket-count=8"
    "memorysetup-bucket-allocator-block-size=33554432"
    "memorysetup-bucket-allocator-block-count=8"
    "memorysetup-main-allocator-block-size=16777216"
    "memorysetup-thread-allocator-block-size=16777216"
    "memorysetup-gfx-main-allocator-block-size=16777216"
    "memorysetup-gfx-thread-allocator-block-size=16777216"
    "memorysetup-cache-allocator-block-size=4194304"
    "memorysetup-typetree-allocator-block-size=2097152"
    "memorysetup-profiler-bucket-allocator-granularity=16"
    "memorysetup-profiler-bucket-allocator-bucket-count=8"
    "memorysetup-profiler-bucket-allocator-block-size=33554432"
    "memorysetup-profiler-bucket-allocator-block-count=8"
    "memorysetup-profiler-allocator-block-size=16777216"
    "memorysetup-profiler-editor-allocator-block-size=1048576"
    "memorysetup-temp-allocator-size-main=16777216"
    "memorysetup-job-temp-allocator-block-size=2097152"
    "memorysetup-job-temp-allocator-block-size-background=1048576"
    "memorysetup-job-temp-allocator-reduction-small-platforms=262144"
    "memorysetup-allocator-temp-initial-block-size-main=262144"
    "memorysetup-allocator-temp-initial-block-size-worker=262144"
    "memorysetup-temp-allocator-size-background-worker=32768"
    "memorysetup-temp-allocator-size-job-worker=262144"
    "memorysetup-temp-allocator-size-preload-manager=33554432"
    "memorysetup-temp-allocator-size-nav-mesh-worker=65536"
    "memorysetup-temp-allocator-size-audio-worker=65536"
    "memorysetup-temp-allocator-size-cloud-worker=32768"
    "memorysetup-temp-allocator-size-gi-baking-worker=262144"
    "memorysetup-temp-allocator-size-gfx=262144"
Player connection [19252] Host "[IP] 192.168.0.103 [Port] 0 [Flags] 2 [Guid] 3477482329 [EditorId] 3477482329 [Version] 1048832 [Id] WindowsEditor(7,DESKTOP-N2TD7GH) [Debug] 1 [PackageName] WindowsEditor [ProjectName] Editor" joined multi-casting on [225.0.0.222:54997]...

Player connection [19252] Host "[IP] 192.168.0.103 [Port] 0 [Flags] 2 [Guid] 3477482329 [EditorId] 3477482329 [Version] 1048832 [Id] WindowsEditor(7,DESKTOP-N2TD7GH) [Debug] 1 [PackageName] WindowsEditor [ProjectName] Editor" joined alternative multi-casting on [225.0.0.222:34997]...

[Physics::Module] Initialized MultithreadedJobDispatcher with 3 workers.
Refreshing native plugins compatible for Editor in 144.54 ms, found 3 plugins.
Preloading 0 native plugins for Editor in 0.00 ms.
Initialize engine version: 2022.3.10f1 (ff3792e53c62)
[Subsystems] Discovering subsystems at path C:/Program Files/Unity/Hub/Editor/2022.3.10f1/Editor/Data/Resources/UnitySubsystems
[Subsystems] Discovering subsystems at path C:/Users/iurym/Downloads/Projeto9-main/Projeto9-main/src/Frontend/Felicidade/Assets
GfxDevice: creating device client; threaded=0; jobified=0
Direct3D:
    Version:  Direct3D 11.0 [level 11.1]
    Renderer: NVIDIA GeForce GTX 1050 Ti (ID=0x1c82)
    Vendor:   NVIDIA
    VRAM:     4017 MB
    Driver:   31.0.15.4633
Initialize mono
Mono path[0] = 'C:/Program Files/Unity/Hub/Editor/2022.3.10f1/Editor/Data/Managed'
Mono path[1] = 'C:/Program Files/Unity/Hub/Editor/2022.3.10f1/Editor/Data/MonoBleedingEdge/lib/mono/unityjit-win32'
Mono config path = 'C:/Program Files/Unity/Hub/Editor/2022.3.10f1/Editor/Data/MonoBleedingEdge/etc'
Using monoOptions --debugger-agent=transport=dt_socket,embedding=1,server=y,suspend=n,address=127.0.0.1:56648
Begin MonoManager ReloadAssembly
Registering precompiled unity dll's ...
Register platform support module: C:/Program Files/Unity/Hub/Editor/2022.3.10f1/Editor/Data/PlaybackEngines/WindowsStandaloneSupport/UnityEditor.WindowsStandalone.Extensions.dll
Registered in 0.131946 seconds.
- Loaded All Assemblies, in  1.782 seconds
Native extension for WindowsStandalone target not found
Mono: successfully reloaded assembly
- Finished resetting the current domain, in  0.792 seconds
Domain Reload Profiling: 2564ms
	BeginReloadAssembly (726ms)
		ExecutionOrderSort (0ms)
		DisableScriptedObjects (0ms)
		BackupInstance (0ms)
		ReleaseScriptingObjects (0ms)
		CreateAndSetChildDomain (2ms)
	RebuildCommonClasses (97ms)
	RebuildNativeTypeToScriptingClass (24ms)
	initialDomainReloadingComplete (301ms)
	LoadAllAssembliesAndSetupDomain (623ms)
		LoadAssemblies (719ms)
		RebuildTransferFunctionScriptingTraits (0ms)
		AnalyzeDomain (615ms)
			TypeCache.Refresh (609ms)
				TypeCache.ScanAssembly (521ms)
			ScanForSourceGeneratedMonoScriptInfo (2ms)
			ResolveRequiredComponents (2ms)
	FinalizeReload (793ms)
		ReleaseScriptCaches (0ms)
		RebuildScriptCaches (0ms)
		SetupLoadedEditorAssemblies (590ms)
			LogAssemblyErrors (0ms)
			InitializePlatformSupportModulesInManaged (33ms)
			SetLoadedEditorAssemblies (22ms)
			RefreshPlugins (0ms)
			BeforeProcessingInitializeOnLoad (7ms)
			ProcessInitializeOnLoadAttributes (336ms)
			ProcessInitializeOnLoadMethodAttributes (192ms)
			AfterProcessingInitializeOnLoad (0ms)
			EditorAssembliesLoaded (0ms)
		ExecutionOrderSort2 (0ms)
		AwakeInstancesAfterBackupRestoration (0ms)
========================================================================
Worker process is ready to serve import requests
Begin MonoManager ReloadAssembly
Symbol file LoadedFromMemory is not a mono symbol file
- Loaded All Assemblies, in 10.839 seconds
Refreshing native plugins compatible for Editor in 541.75 ms, found 3 plugins.
Native extension for WindowsStandalone target not found
[MODES] ModeService[none].Initialize
[MODES] ModeService[none].LoadModes
[MODES] Loading mode Default (0) for mode-current-id-TesteFecapJogo
Package Manager log level set to [2]
[Package Manager] Server::EnsureServerProcessIsRunning -- launch failed, reason: Unity was launched with the -noUpm command-line argument
[Package Manager] UpmClient::Send -- Unable to send message (not connected to UPM process).
[Package Manager] Cannot connect to Unity Package Manager local server
Mono: successfully reloaded assembly
- Finished resetting the current domain, in 16.234 seconds
Domain Reload Profiling: 27040ms
	BeginReloadAssembly (3238ms)
		ExecutionOrderSort (0ms)
		DisableScriptedObjects (16ms)
		BackupInstance (0ms)
		ReleaseScriptingObjects (0ms)
		CreateAndSetChildDomain (46ms)
	RebuildCommonClasses (82ms)
	RebuildNativeTypeToScriptingClass (26ms)
	initialDomainReloadingComplete (654ms)
	LoadAllAssembliesAndSetupDomain (6805ms)
		LoadAssemblies (9024ms)
		RebuildTransferFunctionScriptingTraits (0ms)
		AnalyzeDomain (829ms)
			TypeCache.Refresh (683ms)
				TypeCache.ScanAssembly (540ms)
			ScanForSourceGeneratedMonoScriptInfo (98ms)
			ResolveRequiredComponents (45ms)
	FinalizeReload (16235ms)
		ReleaseScriptCaches (0ms)
		RebuildScriptCaches (0ms)
		SetupLoadedEditorAssemblies (15464ms)
			LogAssemblyErrors (0ms)
			InitializePlatformSupportModulesInManaged (31ms)
			SetLoadedEditorAssemblies (17ms)
			RefreshPlugins (0ms)
			BeforeProcessingInitializeOnLoad (321ms)
			ProcessInitializeOnLoadAttributes (14211ms)
			ProcessInitializeOnLoadMethodAttributes (714ms)
			AfterProcessingInitializeOnLoad (167ms)
			EditorAssembliesLoaded (3ms)
		ExecutionOrderSort2 (0ms)
		AwakeInstancesAfterBackupRestoration (42ms)
Launched and connected shader compiler UnityShaderCompiler.exe after 0.35 seconds
Refreshing native plugins compatible for Editor in 58.05 ms, found 3 plugins.
Preloading 0 native plugins for Editor in 0.00 ms.
Unloading 6307 Unused Serialized files (Serialized files now loaded: 0)
Unloading 110 unused Assets / (1.4 MB). Loaded Objects now: 6754.
Memory consumption went from 231.9 MB to 230.5 MB.
Total: 29.566537 ms (FindLiveObjects: 1.624578 ms CreateObjectMapping: 3.301467 ms MarkObjects: 23.232981 ms  DeleteObjects: 1.379156 ms)

AssetImportParameters requested are different than current active one (requested -> active):
  custom:container-demuxer-ogg: 62fdf1f143b41e24485cea50d1cbac27 -> 
  custom:video-decoder-ogg-theora: a1e56fd34408186e4bbccfd4996cb3dc -> 
  custom:framework-win-MediaFoundation: 216162199b28c13a410421893ffa2e32 -> 
  custom:CustomObjectIndexerAttribute: a3ef5dd2817f97addfee359851a9dba5 -> 
  custom:container-demuxer-webm: 4f35f7cbe854078d1ac9338744f61a02 -> 
  custom:container-muxer-webm: aa71ff27fc2769a1b78a27578f13a17b -> 
  custom:video-decoder-webm-vp8: 9c59270c3fd7afecdb556c50c9e8de78 -> 
  custom:SearchIndexIgnoredProperties: e643bd26f0fe6173181afceb89e7c659 -> 
  custom:AudioImporter_EditorPlatform: d09bf68614088b80899f8185d706f6e7 -> 
  custom:video-encoder-webm-vp8: eb34c28f22e8b96e1ab97ce403110664 -> 
  custom:audio-decoder-ogg-vorbis: bf7c407c2cedff20999df2af8eb42d56 -> 
  custom:audio-encoder-webm-vorbis: bf7c407c2cedff20999df2af8eb42d56 -> 
========================================================================
Received Import Request.
  Time since last request: 115670.883830 seconds.
  path: Assets/Cen치rio/POLYGON city pack/Prefabs/Letters/Letter_S_Prefab.prefab
  artifactKey: Guid(a853a23c8b083df4a88eb2fc76e64a7b) Importer(815301076,1909f56bfc062723c751e8b465ee728b)
Start importing Assets/Cen치rio/POLYGON city pack/Prefabs/Letters/Letter_S_Prefab.prefab using Guid(a853a23c8b083df4a88eb2fc76e64a7b) Importer(815301076,1909f56bfc062723c751e8b465ee728b)  -> (artifact id: '63f11df5f96985bda934f1012efc85d5') in 1.192014 seconds
Number of updated asset objects reloaded before import = 0
Number of asset objects unloaded after import = 10
========================================================================
Received Import Request.
  Time since last request: 0.001623 seconds.
  path: Assets/Cen치rio/POLYGON city pack/Prefabs/Letters/Letter_Q_Prefab.prefab
  artifactKey: Guid(91ab83aee48df174a82434785f82806d) Importer(815301076,1909f56bfc062723c751e8b465ee728b)
Start importing Assets/Cen치rio/POLYGON city pack/Prefabs/Letters/Letter_Q_Prefab.prefab using Guid(91ab83aee48df174a82434785f82806d) Importer(815301076,1909f56bfc062723c751e8b465ee728b)  -> (artifact id: 'fd2cea35ed7120a4b31920aaf84739d9') in 0.100216 seconds
Number of updated asset objects reloaded before import = 0
Number of asset objects unloaded after import = 10
========================================================================
Received Import Request.
  Time since last request: 0.000022 seconds.
  path: Assets/Cen치rio/POLYGON city pack/Meshes,textures/Letters FBX/Letter_M.fbx
  artifactKey: Guid(a4b161a4ef292e347a542e1bcf17f261) Importer(815301076,1909f56bfc062723c751e8b465ee728b)
Start importing Assets/Cen치rio/POLYGON city pack/Meshes,textures/Letters FBX/Letter_M.fbx using Guid(a4b161a4ef292e347a542e1bcf17f261) Importer(815301076,1909f56bfc062723c751e8b465ee728b)  -> (artifact id: 'a8bc7f62ba1d11dcaf49a4b48a5cb6b3') in 0.245854 seconds
Number of updated asset objects reloaded before import = 0
Number of asset objects unloaded after import = 8
========================================================================
Received Import Request.
  Time since last request: 0.000037 seconds.
  path: Assets/Cen치rio/POLYGON city pack/Meshes,textures/Letters FBX/Letter_L.fbx
  artifactKey: Guid(49b01d2c02539464f98ac2754a163c33) Importer(815301076,1909f56bfc062723c751e8b465ee728b)
Start importing Assets/Cen치rio/POLYGON city pack/Meshes,textures/Letters FBX/Letter_L.fbx using Guid(49b01d2c02539464f98ac2754a163c33) Importer(815301076,1909f56bfc062723c751e8b465ee728b)  -> (artifact id: '9bc737ae578a1305f0db393b659fc474') in 0.047891 seconds
Number of updated asset objects reloaded before import = 0
Number of asset objects unloaded after import = 8
========================================================================
Received Import Request.
  Time since last request: 0.002462 seconds.
  path: Assets/Cen치rio/POLYGON city pack/Prefabs/Letters/Letter_R_Prefab.prefab
  artifactKey: Guid(61b323fb6c8919949b372fc09502107d) Importer(815301076,1909f56bfc062723c751e8b465ee728b)
Start importing Assets/Cen치rio/POLYGON city pack/Prefabs/Letters/Letter_R_Prefab.prefab using Guid(61b323fb6c8919949b372fc09502107d) Importer(815301076,1909f56bfc062723c751e8b465ee728b)  -> (artifact id: '52dbd9a790510e2ea8e46b544c49f63e') in 0.083273 seconds
Number of updated asset objects reloaded before import = 0
Number of asset objects unloaded after import = 10
========================================================================
Received Import Request.
  Time since last request: 0.000024 seconds.
  path: Assets/Cen치rio/POLYGON city pack/Meshes,textures/Letters FBX/Letter_T.fbx
  artifactKey: Guid(ca65588a8bd7c3b4ba57bc43256d6375) Importer(815301076,1909f56bfc062723c751e8b465ee728b)
Start importing Assets/Cen치rio/POLYGON city pack/Meshes,textures/Letters FBX/Letter_T.fbx using Guid(ca65588a8bd7c3b4ba57bc43256d6375) Importer(815301076,1909f56bfc062723c751e8b465ee728b)  -> (artifact id: '0018d66c86684ea27871cd1558ed4309') in 0.064781 seconds
Number of updated asset objects reloaded before import = 0
Number of asset objects unloaded after import = 8
========================================================================
Received Import Request.
  Time since last request: 0.000709 seconds.
  path: Assets/Cen치rio/POLYGON city pack/Prefabs/Letters/Letter_N_Prefab.prefab
  artifactKey: Guid(0778b4c717fc2d141bfacce1e4453883) Importer(815301076,1909f56bfc062723c751e8b465ee728b)
Start importing Assets/Cen치rio/POLYGON city pack/Prefabs/Letters/Letter_N_Prefab.prefab using Guid(0778b4c717fc2d141bfacce1e4453883) Importer(815301076,1909f56bfc062723c751e8b465ee728b)  -> (artifact id: 'bac8353690ba63ae19125538a160af58') in 0.041886 seconds
Number of updated asset objects reloaded before import = 0
Number of asset objects unloaded after import = 10
========================================================================
Received Import Request.
  Time since last request: 0.000037 seconds.
  path: Assets/Cen치rio/POLYGON city pack/Meshes,textures/Letters FBX/Letter_P.fbx
  artifactKey: Guid(5d5a8afebdfffa946aecda152a732b42) Importer(815301076,1909f56bfc062723c751e8b465ee728b)
Start importing Assets/Cen치rio/POLYGON city pack/Meshes,textures/Letters FBX/Letter_P.fbx using Guid(5d5a8afebdfffa946aecda152a732b42) Importer(815301076,1909f56bfc062723c751e8b465ee728b)  -> (artifact id: '97d3f00ceab2273392003d51979c98ab') in 0.074764 seconds
Number of updated asset objects reloaded before import = 0
Number of asset objects unloaded after import = 8
========================================================================
Received Import Request.
  Time since last request: 0.000047 seconds.
  path: Assets/Cen치rio/POLYGON city pack/Meshes,textures/Letters FBX/Letter_S.fbx
  artifactKey: Guid(c2a34a8baf03e9946bca7627741376d6) Importer(815301076,1909f56bfc062723c751e8b465ee728b)
Start importing Assets/Cen치rio/POLYGON city pack/Meshes,textures/Letters FBX/Letter_S.fbx using Guid(c2a34a8baf03e9946bca7627741376d6) Importer(815301076,1909f56bfc062723c751e8b465ee728b)  -> (artifact id: '2913659604c8393768be62d2e91c60cf') in 0.025678 seconds
Number of updated asset objects reloaded before import = 0
Number of asset objects unloaded after import = 8
========================================================================
Received Import Request.
  Time since last request: 28.736917 seconds.
  path: Assets/Cen치rio/POLYGON city pack/Prefabs/Letters/Letter_T_Prefab.prefab
  artifactKey: Guid(624f250b25af37343ada3e052b9968b1) Importer(815301076,1909f56bfc062723c751e8b465ee728b)
Start importing Assets/Cen치rio/POLYGON city pack/Prefabs/Letters/Letter_T_Prefab.prefab using Guid(624f250b25af37343ada3e052b9968b1) Importer(815301076,1909f56bfc062723c751e8b465ee728b)  -> (artifact id: '46db4ffda1b75aa9d889ea404693e73b') in 0.315424 seconds
Number of updated asset objects reloaded before import = 0
Number of asset objects unloaded after import = 10
========================================================================
Received Import Request.
  Time since last request: 0.000029 seconds.
  path: Assets/Cen치rio/POLYGON city pack/Prefabs/Letters/Letter_U_Prefab.prefab
  artifactKey: Guid(bad69329b592f22448ec9dd8ac687ad4) Importer(815301076,1909f56bfc062723c751e8b465ee728b)
Start importing Assets/Cen치rio/POLYGON city pack/Prefabs/Letters/Letter_U_Prefab.prefab using Guid(bad69329b592f22448ec9dd8ac687ad4) Importer(815301076,1909f56bfc062723c751e8b465ee728b)  -> (artifact id: '9cfe57a3b235733f91a0aea9f4fda496') in 0.036302 seconds
Number of updated asset objects reloaded before import = 0
Number of asset objects unloaded after import = 10
========================================================================
Received Import Request.
  Time since last request: 0.076871 seconds.
  path: Assets/Cen치rio/POLYGON city pack/Meshes,textures/Letters FBX/Letter_V.fbx
  artifactKey: Guid(8afbf6d79e4b95442bee516dbf819da0) Importer(815301076,1909f56bfc062723c751e8b465ee728b)
Start importing Assets/Cen치rio/POLYGON city pack/Meshes,textures/Letters FBX/Letter_V.fbx using Guid(8afbf6d79e4b95442bee516dbf819da0) Importer(815301076,1909f56bfc062723c751e8b465ee728b)  -> (artifact id: '60815a30e32ecfdd6955a2fc6767dad9') in 0.059070 seconds
Number of updated asset objects reloaded before import = 0
Number of asset objects unloaded after import = 8
========================================================================
Received Import Request.
  Time since last request: 0.077609 seconds.
  path: Assets/Cen치rio/POLYGON city pack/Meshes,textures/Letters FBX/Letter_W.fbx
  artifactKey: Guid(2569398b72098bf4a9e61e87eefcfa78) Importer(815301076,1909f56bfc062723c751e8b465ee728b)
Start importing Assets/Cen치rio/POLYGON city pack/Meshes,textures/Letters FBX/Letter_W.fbx using Guid(2569398b72098bf4a9e61e87eefcfa78) Importer(815301076,1909f56bfc062723c751e8b465ee728b)  -> (artifact id: '4fe00f2889058a20744ebbc3eaedb667') in 0.050330 seconds
Number of updated asset objects reloaded before import = 0
Number of asset objects unloaded after import = 8
========================================================================
Received Import Request.
  Time since last request: 0.012963 seconds.
  path: Assets/Cen치rio/POLYGON city pack/Prefabs/Letters/Letter_W_Prefab.prefab
  artifactKey: Guid(524bd252d99a0cc44ac73104d16de0e0) Importer(815301076,1909f56bfc062723c751e8b465ee728b)
Start importing Assets/Cen치rio/POLYGON city pack/Prefabs/Letters/Letter_W_Prefab.prefab using Guid(524bd252d99a0cc44ac73104d16de0e0) Importer(815301076,1909f56bfc062723c751e8b465ee728b)  -> (artifact id: '2f616cdd5191665b391ae1f1d8bf1c9a') in 0.046624 seconds
Number of updated asset objects reloaded before import = 0
Number of asset objects unloaded after import = 10
========================================================================
Received Import Request.
  Time since last request: 0.108633 seconds.
  path: Assets/Cen치rio/POLYGON city pack/Meshes,textures/Letters FBX/Letter_X.fbx
  artifactKey: Guid(7ec51ab96ae715a4d9a760feec3fd5fc) Importer(815301076,1909f56bfc062723c751e8b465ee728b)
Start importing Assets/Cen치rio/POLYGON city pack/Meshes,textures/Letters FBX/Letter_X.fbx using Guid(7ec51ab96ae715a4d9a760feec3fd5fc) Importer(815301076,1909f56bfc062723c751e8b465ee728b)  -> (artifact id: '5e6c12a9df34207fbeb9666a292447c1') in 0.212782 seconds
Number of updated asset objects reloaded before import = 0
Number of asset objects unloaded after import = 8
========================================================================
Received Import Request.
  Time since last request: 0.673042 seconds.
  path: Assets/Cen치rio/POLYGON city pack/Prefabs/Letters/Letter_X_Prefab.prefab
  artifactKey: Guid(2d6b3d1847e9e6f46902c988da524081) Importer(815301076,1909f56bfc062723c751e8b465ee728b)
Start importing Assets/Cen치rio/POLYGON city pack/Prefabs/Letters/Letter_X_Prefab.prefab using Guid(2d6b3d1847e9e6f46902c988da524081) Importer(815301076,1909f56bfc062723c751e8b465ee728b)  -> (artifact id: 'ad5fc17f05441d408247819140821011') in 0.043775 seconds
Number of updated asset objects reloaded before import = 0
Number of asset objects unloaded after import = 10
========================================================================
Received Import Request.
  Time since last request: 0.038182 seconds.
  path: Assets/Cen치rio/POLYGON city pack/Meshes,textures/Letters FBX/Letter_Y.fbx
  artifactKey: Guid(efefc9ad46daf9644af1c452c958c88e) Importer(815301076,1909f56bfc062723c751e8b465ee728b)
Start importing Assets/Cen치rio/POLYGON city pack/Meshes,textures/Letters FBX/Letter_Y.fbx using Guid(efefc9ad46daf9644af1c452c958c88e) Importer(815301076,1909f56bfc062723c751e8b465ee728b)  -> (artifact id: '7eed7e3f5c2ddae09003b539280e02f0') in 0.047108 seconds
Number of updated asset objects reloaded before import = 0
Number of asset objects unloaded after import = 8
========================================================================
Received Import Request.
  Time since last request: 0.074814 seconds.
  path: Assets/Cen치rio/POLYGON city pack/Meshes,textures/Letters FBX/Letter_Z.fbx
  artifactKey: Guid(9b8e689d75417874c9d55a7d1098ca35) Importer(815301076,1909f56bfc062723c751e8b465ee728b)
Start importing Assets/Cen치rio/POLYGON city pack/Meshes,textures/Letters FBX/Letter_Z.fbx using Guid(9b8e689d75417874c9d55a7d1098ca35) Importer(815301076,1909f56bfc062723c751e8b465ee728b)  -> (artifact id: '54edae6392bbfe98df84924fd35a86f3') in 0.086121 seconds
Number of updated asset objects reloaded before import = 0
Number of asset objects unloaded after import = 8
Editor requested this worker to shutdown with reason: Scaling down because of idle timeout
TcpMessagingSession - receive error: operation aborted. errorcode: 995, details: A opera巫o de E/S foi anulada devido a uma sa顔a de thread ou a uma requisi巫o de aplicativo.
AssetImportWorker is now disconnected from the server
Process exiting
Exiting without the bug reporter. Application will terminate with return code 0